Der Buildvorgang wurde am 07.12.2015 12:34:20 gestartet.
     1>Projekt "C:\Users\Adrian\Documents\Uni\CG1\ubeung4\programmrahmen\build\util.vcxproj" auf Knoten "2", Build Ziel(e).
     1>PreBuildEvent:
         setlocal
         cd C:\Users\Adrian\Documents\Uni\CG1\ubeung4\programmrahmen\build
         if %errorlevel% neq 0 goto :cmEnd
         C:
         if %errorlevel% neq 0 goto :cmEnd
         "C:\Program Files (x86)\CMake\bin\cmake.exe" -E cmake_autogen C:/Users/Adrian/Documents/Uni/CG1/ubeung4/programmrahmen/build/CMakeFiles/util_automoc.dir/ Debug
         if %errorlevel% neq 0 goto :cmEnd
         :cmEnd
         endlocal & call :cmErrorLevel %errorlevel% & goto :cmDone
         :cmErrorLevel
         exit /b %1
         :cmDone
         if %errorlevel% neq 0 goto :VCEnd
         :VCEnd
         Generating moc_camera.cpp
       CustomBuild:
         Building Custom Rule C:/Users/Adrian/Documents/Uni/CG1/ubeung4/programmrahmen/CMakeLists.txt
         CMake does not need to re-run because C:\Users\Adrian\Documents\Uni\CG1\ubeung4\programmrahmen\build\CMakeFiles\generate.stamp is up-to-date.
       ClCompile:
         C:\Program Files (x86)\Microsoft Visual Studio 12.0\VC\bin\x86_amd64\CL.exe /c /IC:\Users\Adrian\Documents\Uni\CG1\ubeung4\programmrahmen\build /IC:\Users\Adrian\Documents\Uni\CG1\ubeung4\programmrahmen /IC:\Qt\Qt5.5.1\5.5\msvc2013_64\include /IC:\Qt\Qt5.5.1\5.5\msvc2013_64\include\QtWidgets /IC:\Qt\Qt5.5.1\5.5\msvc2013_64\include\QtGui /IC:\Qt\Qt5.5.1\5.5\msvc2013_64\include\QtCore /I"C:\Qt\Qt5.5.1\5.5\msvc2013_64\.\mkspecs\win32-msvc2013" /Zi /nologo /W3 /WX- /Od /Ob0 /D WIN32 /D _WINDOWS /D _DEBUG /D QT_WIDGETS_LIB /D QT_GUI_LIB /D QT_CORE_LIB /D "CMAKE_INTDIR=\"Debug\"" /D _MBCS /Gm- /EHsc /RTC1 /MDd /GS /fp:precise /Zc:wchar_t /Zc:forScope /GR /Fo"util.dir\Debug\\" /Fd"util.dir\Debug\vc120.pdb" /Gd /TP /errorReport:prompt C:\Users\Adrian\Documents\Uni\CG1\ubeung4\programmrahmen\src\util\objio.cpp C:\Users\Adrian\Documents\Uni\CG1\ubeung4\programmrahmen\src\util\polygonaldrawable.cpp C:\Users\Adrian\Documents\Uni\CG1\ubeung4\programmrahmen\src\util\abstractexercise.cpp C:\Users\Adrian\Documents\Uni\CG1\ubeung4\programmrahmen\src\util\abstractpainter.cpp C:\Users\Adrian\Documents\Uni\CG1\ubeung4\programmrahmen\src\util\camera.cpp C:\Users\Adrian\Documents\Uni\CG1\ubeung4\programmrahmen\src\util\fileassociatedasset.cpp C:\Users\Adrian\Documents\Uni\CG1\ubeung4\programmrahmen\src\util\fileassociatedshader.cpp C:\Users\Adrian\Documents\Uni\CG1\ubeung4\programmrahmen\src\util\glviewer.cpp C:\Users\Adrian\Documents\Uni\CG1\ubeung4\programmrahmen\src\util\icosahedron.cpp C:\Users\Adrian\Documents\Uni\CG1\ubeung4\programmrahmen\src\util\unitcube.cpp C:\Users\Adrian\Documents\Uni\CG1\ubeung4\programmrahmen\build\util_automoc.cpp
         objio.cpp
         polygonaldrawable.cpp
         abstractexercise.cpp
         abstractpainter.cpp
         camera.cpp
         fileassociatedasset.cpp
         fileassociatedshader.cpp
         glviewer.cpp
         icosahedron.cpp
     1>C:\Users\Adrian\Documents\Uni\CG1\ubeung4\programmrahmen\src\util\icosahedron.cpp(93): warning C4267: 'Argument': Konvertierung von 'size_t' nach 'int', Datenverlust möglich
     1>C:\Users\Adrian\Documents\Uni\CG1\ubeung4\programmrahmen\src\util\icosahedron.cpp(103): warning C4267: 'Argument': Konvertierung von 'size_t' nach 'int', Datenverlust möglich
         unitcube.cpp
     1>C:\Users\Adrian\Documents\Uni\CG1\ubeung4\programmrahmen\src\util\unitcube.cpp(80): warning C4267: 'Argument': Konvertierung von 'size_t' nach 'int', Datenverlust möglich
     1>C:\Users\Adrian\Documents\Uni\CG1\ubeung4\programmrahmen\src\util\unitcube.cpp(90): warning C4267: 'Argument': Konvertierung von 'size_t' nach 'int', Datenverlust möglich
         util_automoc.cpp
         Code wird generiert...
       Lib:
         C:\Program Files (x86)\Microsoft Visual Studio 12.0\VC\bin\x86_amd64\Lib.exe /OUT:"C:\Users\Adrian\Documents\Uni\CG1\ubeung4\programmrahmen\build\Debug\util.lib" /NOLOGO /MACHINE:X64 util.dir\Debug\objio.obj
         util.dir\Debug\polygonaldrawable.obj
         util.dir\Debug\abstractexercise.obj
         util.dir\Debug\abstractpainter.obj
         util.dir\Debug\camera.obj
         util.dir\Debug\fileassociatedasset.obj
         util.dir\Debug\fileassociatedshader.obj
         util.dir\Debug\glviewer.obj
         util.dir\Debug\icosahedron.obj
         util.dir\Debug\unitcube.obj
         util.dir\Debug\util_automoc.obj
         util.vcxproj -> C:\Users\Adrian\Documents\Uni\CG1\ubeung4\programmrahmen\build\Debug\util.lib
     1>Die Erstellung des Projekts "C:\Users\Adrian\Documents\Uni\CG1\ubeung4\programmrahmen\build\util.vcxproj" ist abgeschlossen, Build Ziel(e).

Build erfolgreich.

Verstrichene Zeit 00:00:13.45
