c:\users\adrian\documents\uni\cg1\ubeung4\programmrahmen\build\util.dir\debug\vc120.pdb
c:\users\adrian\documents\uni\cg1\ubeung4\programmrahmen\build\util.dir\debug\util_automoc.obj
c:\users\adrian\documents\uni\cg1\ubeung4\programmrahmen\build\util.dir\debug\unitcube.obj
c:\users\adrian\documents\uni\cg1\ubeung4\programmrahmen\build\util.dir\debug\icosahedron.obj
c:\users\adrian\documents\uni\cg1\ubeung4\programmrahmen\build\util.dir\debug\glviewer.obj
c:\users\adrian\documents\uni\cg1\ubeung4\programmrahmen\build\util.dir\debug\fileassociatedshader.obj
c:\users\adrian\documents\uni\cg1\ubeung4\programmrahmen\build\util.dir\debug\fileassociatedasset.obj
c:\users\adrian\documents\uni\cg1\ubeung4\programmrahmen\build\util.dir\debug\camera.obj
c:\users\adrian\documents\uni\cg1\ubeung4\programmrahmen\build\util.dir\debug\abstractpainter.obj
c:\users\adrian\documents\uni\cg1\ubeung4\programmrahmen\build\util.dir\debug\abstractexercise.obj
c:\users\adrian\documents\uni\cg1\ubeung4\programmrahmen\build\util.dir\debug\polygonaldrawable.obj
c:\users\adrian\documents\uni\cg1\ubeung4\programmrahmen\build\util.dir\debug\objio.obj
c:\users\adrian\documents\uni\cg1\ubeung4\programmrahmen\build\cmakefiles\generate.stamp
c:\users\adrian\documents\uni\cg1\ubeung4\programmrahmen\build\debug\util.lib
c:\users\adrian\documents\uni\cg1\ubeung4\programmrahmen\build\util.dir\debug\util.tlog\cl.command.1.tlog
c:\users\adrian\documents\uni\cg1\ubeung4\programmrahmen\build\util.dir\debug\util.tlog\cl.read.1.tlog
c:\users\adrian\documents\uni\cg1\ubeung4\programmrahmen\build\util.dir\debug\util.tlog\cl.write.1.tlog
c:\users\adrian\documents\uni\cg1\ubeung4\programmrahmen\build\util.dir\debug\util.tlog\custombuild.command.1.tlog
c:\users\adrian\documents\uni\cg1\ubeung4\programmrahmen\build\util.dir\debug\util.tlog\custombuild.read.1.tlog
c:\users\adrian\documents\uni\cg1\ubeung4\programmrahmen\build\util.dir\debug\util.tlog\custombuild.write.1.tlog
c:\users\adrian\documents\uni\cg1\ubeung4\programmrahmen\build\util.dir\debug\util.tlog\lib-link.read.1.tlog
c:\users\adrian\documents\uni\cg1\ubeung4\programmrahmen\build\util.dir\debug\util.tlog\lib-link.write.1.tlog
c:\users\adrian\documents\uni\cg1\ubeung4\programmrahmen\build\util.dir\debug\util.tlog\lib.command.1.tlog
